  Building 'passThrough' with toolset 'WindowsKernelModeDriver10.0' and the 'Universal' target platform.
  Stamping x64\Debug\passThrough.inf
  Stamping [Version] section with DriverVer=05/07/2024,12.48.19.36
C:\Users\vokel\221-3210_Lilekov\Lab2\passThrough.inf(8-8): warning 1324: [Version] section should specify PnpLockdown=1 to prevent external apps from modifying installed driver files.
C:\Users\vokel\221-3210_Lilekov\Lab2\passThrough.inf(74-74): warning 1205: Section [MiniFilter.DriverFiles] referenced from DelFiles and CopyFiles directive.
  aes.c
  passThrough.c
C:\Program Files\Microsoft Visual Studio\2022\Community\VC\Tools\MSVC\14.39.33519\include\vcruntime.h(61,26): warning C4083: требуется ")"; обнаружен идентификатор "_VCRUNTIME_DISABLED_WARNINGS"
  (компиляция исходного файла "aes.c")
  
C:\Program Files\Microsoft Visual Studio\2022\Community\VC\Tools\MSVC\14.39.33519\include\vcruntime.h(111,1): warning C4005: _CRT_STRINGIZE: изменение макроопределения
  (компиляция исходного файла "aes.c")
  C:\Program Files (x86)\Windows Kits\10\Include\10.0.22621.0\km\crt\crtdefs.h(85,1):
  см. предыдущее определение "_CRT_STRINGIZE"
  
C:\Program Files\Microsoft Visual Studio\2022\Community\VC\Tools\MSVC\14.39.33519\include\vcruntime.h(114,1): warning C4005: _CRT_WIDE: изменение макроопределения
  (компиляция исходного файла "aes.c")
  C:\Program Files (x86)\Windows Kits\10\Include\10.0.22621.0\km\crt\crtdefs.h(88,1):
  см. предыдущее определение "_CRT_WIDE"
  
C:\Program Files\Microsoft Visual Studio\2022\Community\VC\Tools\MSVC\14.39.33519\include\vcruntime.h(155,1): warning C4005: __CRTDECL: изменение макроопределения
  (компиляция исходного файла "aes.c")
  C:\Program Files (x86)\Windows Kits\10\Include\10.0.22621.0\km\crt\crtdefs.h(640,1):
  см. предыдущее определение "__CRTDECL"
  
C:\Program Files\Microsoft Visual Studio\2022\Community\VC\Tools\MSVC\14.39.33519\include\stdint.h(16,26): warning C4083: требуется ")"; обнаружен идентификатор "_VCRUNTIME_DISABLED_WARNINGS"
  (компиляция исходного файла "aes.c")
  
C:\Program Files\Microsoft Visual Studio\2022\Community\VC\Tools\MSVC\14.39.33519\include\vcruntime.h(61,26): warning C4083: требуется ")"; обнаружен идентификатор "_VCRUNTIME_DISABLED_WARNINGS"
  (компиляция исходного файла "passThrough.c")
  
C:\Program Files\Microsoft Visual Studio\2022\Community\VC\Tools\MSVC\14.39.33519\include\vcruntime.h(111,1): warning C4005: _CRT_STRINGIZE: изменение макроопределения
  (компиляция исходного файла "passThrough.c")
  C:\Program Files (x86)\Windows Kits\10\Include\10.0.22621.0\km\crt\crtdefs.h(85,1):
  см. предыдущее определение "_CRT_STRINGIZE"
  
C:\Program Files\Microsoft Visual Studio\2022\Community\VC\Tools\MSVC\14.39.33519\include\vcruntime.h(114,1): warning C4005: _CRT_WIDE: изменение макроопределения
  (компиляция исходного файла "passThrough.c")
  C:\Program Files (x86)\Windows Kits\10\Include\10.0.22621.0\km\crt\crtdefs.h(88,1):
  см. предыдущее определение "_CRT_WIDE"
  
C:\Program Files\Microsoft Visual Studio\2022\Community\VC\Tools\MSVC\14.39.33519\include\vcruntime.h(155,1): warning C4005: __CRTDECL: изменение макроопределения
  (компиляция исходного файла "passThrough.c")
  C:\Program Files (x86)\Windows Kits\10\Include\10.0.22621.0\km\crt\crtdefs.h(640,1):
  см. предыдущее определение "__CRTDECL"
  
C:\Program Files\Microsoft Visual Studio\2022\Community\VC\Tools\MSVC\14.39.33519\include\stdint.h(16,26): warning C4083: требуется ")"; обнаружен идентификатор "_VCRUNTIME_DISABLED_WARNINGS"
  (компиляция исходного файла "passThrough.c")
  
C:\Users\vokel\221-3210_Lilekov\Lab2\passThrough.c(686,29): warning C4295: key: массив слишком мал и не может включать завершающий символ "null"
C:\Users\vokel\221-3210_Lilekov\Lab2\passThrough.c(687,29): warning C4295: iv: массив слишком мал и не может включать завершающий символ "null"
C:\Users\vokel\221-3210_Lilekov\Lab2\passThrough.c(858,29): warning C4295: key: массив слишком мал и не может включать завершающий символ "null"
C:\Users\vokel\221-3210_Lilekov\Lab2\passThrough.c(859,29): warning C4295: iv: массив слишком мал и не может включать завершающий символ "null"
  Создание кода...
  passThrough.vcxproj -> C:\Users\vokel\221-3210_Lilekov\Lab2\x64\Debug\passThrough.sys
  Done Adding Additional Store
  Successfully signed: C:\Users\vokel\221-3210_Lilekov\Lab2\x64\Debug\passThrough.sys
  
  Driver is 'Universal'.
  ........................
  Signability test complete.
  
  Errors:
  None
  
  Warnings:
  None
  
  Catalog generation complete.
  C:\Users\vokel\221-3210_Lilekov\Lab2\x64\Debug\passThrough\passthrough.cat
  Done Adding Additional Store
  Successfully signed: x64\Debug\passThrough\passthrough.cat
  
