c:\users\vokel\221-3210_lilekov\lab2\x64\debug\vc143.pdb
c:\users\vokel\221-3210_lilekov\lab2\x64\debug\passthrough.obj
c:\users\vokel\221-3210_lilekov\lab2\x64\debug\aes.obj
c:\users\vokel\221-3210_lilekov\lab2\x64\debug\passthrough\passthrough.cat
c:\users\vokel\221-3210_lilekov\lab2\x64\debug\passthrough.sys
c:\users\vokel\221-3210_lilekov\lab2\x64\debug\passthrough.pdb
c:\users\vokel\221-3210_lilekov\lab2\x64\debug\passthrough.res
c:\users\vokel\221-3210_lilekov\lab2\x64\debug\passthrough.inf
c:\users\vokel\221-3210_lilekov\lab2\x64\debug\passthrough.tlog\cl.command.1.tlog
c:\users\vokel\221-3210_lilekov\lab2\x64\debug\passthrough.tlog\cl.items.tlog
c:\users\vokel\221-3210_lilekov\lab2\x64\debug\passthrough.tlog\cl.read.1.tlog
c:\users\vokel\221-3210_lilekov\lab2\x64\debug\passthrough.tlog\cl.write.1.tlog
c:\users\vokel\221-3210_lilekov\lab2\x64\debug\passthrough.tlog\inf2cat-expand.8060.read.1.tlog
c:\users\vokel\221-3210_lilekov\lab2\x64\debug\passthrough.tlog\inf2cat-expand.8060.write.1.tlog
c:\users\vokel\221-3210_lilekov\lab2\x64\debug\passthrough.tlog\inf2cat-expand.read.1.tlog
c:\users\vokel\221-3210_lilekov\lab2\x64\debug\passthrough.tlog\inf2cat-expand.write.1.tlog
c:\users\vokel\221-3210_lilekov\lab2\x64\debug\passthrough.tlog\inf2cat.command.1.tlog
c:\users\vokel\221-3210_lilekov\lab2\x64\debug\passthrough.tlog\inf2cat.read.1.tlog
c:\users\vokel\221-3210_lilekov\lab2\x64\debug\passthrough.tlog\inf2cat.write.1.tlog
c:\users\vokel\221-3210_lilekov\lab2\x64\debug\passthrough.tlog\link.command.1.tlog
c:\users\vokel\221-3210_lilekov\lab2\x64\debug\passthrough.tlog\link.read.1.tlog
c:\users\vokel\221-3210_lilekov\lab2\x64\debug\passthrough.tlog\link.secondary.1.tlog
c:\users\vokel\221-3210_lilekov\lab2\x64\debug\passthrough.tlog\link.write.1.tlog
c:\users\vokel\221-3210_lilekov\lab2\x64\debug\passthrough.tlog\rc.command.1.tlog
c:\users\vokel\221-3210_lilekov\lab2\x64\debug\passthrough.tlog\rc.read.1.tlog
c:\users\vokel\221-3210_lilekov\lab2\x64\debug\passthrough.tlog\rc.write.1.tlog
c:\users\vokel\221-3210_lilekov\lab2\x64\debug\passthrough.tlog\signtool.command.1.tlog
c:\users\vokel\221-3210_lilekov\lab2\x64\debug\passthrough.tlog\signtool.read.1.tlog
c:\users\vokel\221-3210_lilekov\lab2\x64\debug\passthrough.tlog\signtool.timestamp.1.tlog
c:\users\vokel\221-3210_lilekov\lab2\x64\debug\passthrough.tlog\signtool.write.1.tlog
c:\users\vokel\221-3210_lilekov\lab2\x64\debug\passthrough.tlog\stampinf.command.1.tlog
c:\users\vokel\221-3210_lilekov\lab2\x64\debug\passthrough.tlog\stampinf.read.1.tlog
c:\users\vokel\221-3210_lilekov\lab2\x64\debug\passthrough.tlog\stampinf.write.1.tlog
