c:\users\vokel\221-3210_lilekov\lab2\client\passthroughclient\passthroughclient\x64\release\vc143.pdb
c:\users\vokel\221-3210_lilekov\lab2\client\passthroughclient\passthroughclient\x64\release\passthroughclient.obj
c:\users\vokel\221-3210_lilekov\lab2\client\passthroughclient\x64\release\passthroughclient.exe
c:\users\vokel\221-3210_lilekov\lab2\client\passthroughclient\x64\release\passthroughclient.pdb
c:\users\vokel\221-3210_lilekov\lab2\client\passthroughclient\passthroughclient\x64\release\passthroughclient.ipdb
c:\users\vokel\221-3210_lilekov\lab2\client\passthroughclient\passthroughclient\x64\release\passthroughclient.iobj
c:\users\vokel\221-3210_lilekov\lab2\passthroughclient\passthroughclient\x64\release\passthroughclient.obj
c:\users\vokel\221-3210_lilekov\lab2\passthroughclient\passthroughclient\x64\release\passthroughclient.ipdb
c:\users\vokel\221-3210_lilekov\lab2\passthroughclient\passthroughclient\x64\release\passthroughclient.iobj
c:\users\vokel\221-3210_lilekov\lab2\passthroughclient\passthroughclient\x64\release\vc143.pdb
c:\users\vokel\221-3210_lilekov\lab2\passthroughclient\x64\release\passthroughclient.pdb
c:\users\vokel\221-3210_lilekov\lab2\passthroughclient\x64\release\passthroughclient.exe
c:\users\vokel\221-3210_lilekov\lab2\passthroughclient\passthroughclient\x64\release\passthro.1f14a350.tlog\cl.command.1.tlog
c:\users\vokel\221-3210_lilekov\lab2\passthroughclient\passthroughclient\x64\release\passthro.1f14a350.tlog\cl.items.tlog
c:\users\vokel\221-3210_lilekov\lab2\passthroughclient\passthroughclient\x64\release\passthro.1f14a350.tlog\cl.read.1.tlog
c:\users\vokel\221-3210_lilekov\lab2\passthroughclient\passthroughclient\x64\release\passthro.1f14a350.tlog\cl.write.1.tlog
c:\users\vokel\221-3210_lilekov\lab2\passthroughclient\passthroughclient\x64\release\passthro.1f14a350.tlog\link.command.1.tlog
c:\users\vokel\221-3210_lilekov\lab2\passthroughclient\passthroughclient\x64\release\passthro.1f14a350.tlog\link.read.1.tlog
c:\users\vokel\221-3210_lilekov\lab2\passthroughclient\passthroughclient\x64\release\passthro.1f14a350.tlog\link.secondary.1.tlog
c:\users\vokel\221-3210_lilekov\lab2\passthroughclient\passthroughclient\x64\release\passthro.1f14a350.tlog\link.write.1.tlog
